Arguments: 
  /usr/local/Cellar/node/11.1.0/bin/node /usr/local/Cellar/yarn/1.12.3/libexec/bin/yarn.js add babel-present-env

PATH: 
  /usr/local/bin:/usr/bin:/bin:/usr/sbin:/sbin

Yarn version: 
  1.12.3

Node version: 
  11.1.0

Platform: 
  darwin x64

Trace: 
  Error: https://registry.yarnpkg.com/babel-present-env: Not found
      at Request.params.callback [as _callback] (/usr/local/Cellar/yarn/1.12.3/libexec/lib/cli.js:65894:18)
      at Request.self.callback (/usr/local/Cellar/yarn/1.12.3/libexec/lib/cli.js:129018:22)
      at Request.emit (events.js:182:13)
      at Request.<anonymous> (/usr/local/Cellar/yarn/1.12.3/libexec/lib/cli.js:129990:10)
      at Request.emit (events.js:182:13)
      at IncomingMessage.<anonymous> (/usr/local/Cellar/yarn/1.12.3/libexec/lib/cli.js:129912:12)
      at Object.onceWrapper (events.js:273:13)
      at IncomingMessage.emit (events.js:187:15)
      at endReadableNT (_stream_readable.js:1094:12)
      at process.internalTickCallback (internal/process/next_tick.js:72:19)

npm manifest: 
  {
    "repository": {},
    "license": "MIT",
    "scripts": {
      "deploy": "webpack --mode production",
      "watch": "webpack --mode development --watch"
    },
    "dependencies": {
      "babel-preset-env": "^1.7.0",
      "babel-preset-react": "^6.24.1",
      "bootstrap": "^4.1.3",
      "jquery": "^3.3.1",
      "phoenix": "file:../deps/phoenix",
      "phoenix_html": "file:../deps/phoenix_html",
      "popper.js": "^1.14.4",
      "react-router-dom": "^4.3.1"
    },
    "devDependencies": {
      "@babel/core": "^7.0.0",
      "@babel/preset-env": "^7.0.0",
      "babel-loader": "^8.0.0",
      "copy-webpack-plugin": "^4.5.0",
      "css-loader": "^0.28.10",
      "mini-css-extract-plugin": "^0.4.0",
      "optimize-css-assets-webpack-plugin": "^4.0.0",
      "uglifyjs-webpack-plugin": "^1.2.4",
      "webpack": "4.4.0",
      "webpack-cli": "^2.0.10"
    }
  }

yarn manifest: 
  No manifest

Lockfile: 
  No lockfile
